Build started 9/30/2016 7:53:30 PM.
     1>Project "c:\Users\MagnoVJ\documents\visual studio 2012\Projects\Breakout\Breakout\Breakout.vcxproj" on node 2 (Build target(s)).
     1>ClCompile:
         C:\Program Files (x86)\Microsoft Visual Studio 11.0\VC\bin\CL.exe /c /ZI /nologo /W3 /WX- /Od /Oy- /D _MBCS /Gm /EHsc /RTC1 /MDd /GS /fp:precise /Zc:wchar_t /Zc:forScope /Fo"Debug\\" /Fd"Debug\vc110.pdb" /Gd /TP /analyze- /errorReport:prompt Main.cpp src\utility_opengl\ResourceManager.cpp
         ResourceManager.cpp
         Generating Code...
         Skipping... (no relevant changes detected)
         Main.cpp
       Link:
         C:\Program Files (x86)\Microsoft Visual Studio 11.0\VC\bin\link.exe /ERRORREPORT:PROMPT /OUT:"c:\users\magnovj\documents\visual studio 2012\Projects\Breakout\Debug\Breakout.exe" /INCREMENTAL /NOLOGO glfw3.lib glew32s.lib opengl32.lib SOIL.lib "assimp-vc110-mtd.lib" freetype27d.lib kernel32.lib user32.lib gdi32.lib winspool.lib comdlg32.lib advapi32.lib shell32.lib ole32.lib oleaut32.lib uuid.lib odbc32.lib odbccp32.lib /MANIFEST /MANIFESTUAC:"level='asInvoker' uiAccess='false'" /manifest:embed /DEBUG /PDB:"c:\users\magnovj\documents\visual studio 2012\Projects\Breakout\Debug\Breakout.pdb" /TLBID:1 /DYNAMICBASE /NXCOMPAT /IMPLIB:"c:\users\magnovj\documents\visual studio 2012\Projects\Breakout\Debug\Breakout.lib" /MACHINE:X86 Debug\Main.obj
         Debug\Game.obj
         Debug\ResourceManager.obj
         Debug\Shader.obj
         Debug\Texture2D.obj
         Debug\VAOController.obj
     1>LINK : warning LNK4098: defaultlib 'MSVCRT' conflicts with use of other libs; use /NODEFAULTLIB:library
     1>LINK : warning LNK4098: defaultlib 'LIBCMT' conflicts with use of other libs; use /NODEFAULTLIB:library
     1>ResourceManager.obj : warning LNK4049: locally defined symbol ___glewDeleteProgram imported
     1>Shader.obj : warning LNK4049: locally defined symbol ___glewAttachShader imported
     1>Shader.obj : warning LNK4049: locally defined symbol ___glewCompileShader imported
     1>Shader.obj : warning LNK4049: locally defined symbol ___glewCreateProgram imported
     1>Shader.obj : warning LNK4049: locally defined symbol ___glewCreateShader imported
     1>Shader.obj : warning LNK4049: locally defined symbol ___glewDeleteShader imported
     1>Shader.obj : warning LNK4049: locally defined symbol ___glewGetProgramInfoLog imported
     1>Shader.obj : warning LNK4049: locally defined symbol ___glewGetProgramiv imported
     1>Shader.obj : warning LNK4049: locally defined symbol ___glewGetShaderInfoLog imported
     1>Shader.obj : warning LNK4049: locally defined symbol ___glewGetShaderiv imported
     1>Shader.obj : warning LNK4049: locally defined symbol ___glewGetUniformLocation imported
     1>Shader.obj : warning LNK4049: locally defined symbol ___glewLinkProgram imported
     1>Shader.obj : warning LNK4049: locally defined symbol ___glewShaderSource imported
     1>Shader.obj : warning LNK4049: locally defined symbol ___glewUniform1f imported
     1>Shader.obj : warning LNK4049: locally defined symbol ___glewUniform1i imported
     1>Shader.obj : warning LNK4049: locally defined symbol ___glewUniform2f imported
     1>Shader.obj : warning LNK4049: locally defined symbol ___glewUniform3f imported
     1>Shader.obj : warning LNK4049: locally defined symbol ___glewUniform4f imported
     1>Shader.obj : warning LNK4049: locally defined symbol ___glewUniformMatrix4fv imported
     1>Shader.obj : warning LNK4049: locally defined symbol ___glewUseProgram imported
     1>VAOController.obj : warning LNK4049: locally defined symbol ___glewBindBuffer imported
     1>VAOController.obj : warning LNK4049: locally defined symbol ___glewBufferData imported
     1>VAOController.obj : warning LNK4049: locally defined symbol ___glewDeleteBuffers imported
     1>VAOController.obj : warning LNK4049: locally defined symbol ___glewGenBuffers imported
     1>VAOController.obj : warning LNK4049: locally defined symbol ___glewEnableVertexAttribArray imported
     1>VAOController.obj : warning LNK4049: locally defined symbol ___glewVertexAttribPointer imported
     1>VAOController.obj : warning LNK4049: locally defined symbol ___glewBindVertexArray imported
     1>VAOController.obj : warning LNK4049: locally defined symbol ___glewDeleteVertexArrays imported
     1>VAOController.obj : warning LNK4049: locally defined symbol ___glewGenVertexArrays imported
     1>glew32s.lib(glew.obj) : warning LNK4099: PDB 'vc120.pdb' was not found with 'glew32s.lib(glew.obj)' or at 'c:\users\magnovj\documents\visual studio 2012\Projects\Breakout\Debug\vc120.pdb'; linking object as if no debug info
     1>SOIL.lib(image_DXT.obj) : warning LNK4099: PDB 'vc110.pdb' was not found with 'SOIL.lib(image_DXT.obj)' or at 'c:\users\magnovj\documents\visual studio 2012\Projects\Breakout\Debug\vc110.pdb'; linking object as if no debug info
     1>SOIL.lib(image_helper.obj) : warning LNK4099: PDB 'vc110.pdb' was not found with 'SOIL.lib(image_helper.obj)' or at 'c:\users\magnovj\documents\visual studio 2012\Projects\Breakout\Debug\vc110.pdb'; linking object as if no debug info
     1>SOIL.lib(SOIL.obj) : warning LNK4099: PDB 'vc110.pdb' was not found with 'SOIL.lib(SOIL.obj)' or at 'c:\users\magnovj\documents\visual studio 2012\Projects\Breakout\Debug\vc110.pdb'; linking object as if no debug info
     1>SOIL.lib(stb_image_aug.obj) : warning LNK4099: PDB 'vc110.pdb' was not found with 'SOIL.lib(stb_image_aug.obj)' or at 'c:\users\magnovj\documents\visual studio 2012\Projects\Breakout\Debug\vc110.pdb'; linking object as if no debug info
         Breakout.vcxproj -> c:\users\magnovj\documents\visual studio 2012\Projects\Breakout\Debug\Breakout.exe
     1>Done Building Project "c:\Users\MagnoVJ\documents\visual studio 2012\Projects\Breakout\Breakout\Breakout.vcxproj" (Build target(s)).

Build succeeded.

Time Elapsed 00:00:01.68
